CS240: lab6. cs240 Tue Mar 31 00:09:52 EDT 2015  Total:  0 of 12

CS240: lab6. cs240 Tue Mar 31 00:10:08 EDT 2015  Total:  12 of 12

CS240: lab6. cs240 Tue Mar 31 00:11:07 EDT 2015  Total:  0 of 12

CS240: lab6. cs240 Tue Mar 31 00:11:39 EDT 2015  Total:  0 of 12

CS240: lab6. cs240 Tue Mar 31 00:13:58 EDT 2015  Total:  0 of 12

CS240: lab6. avempaty Thu Apr 9 00:19:18 EDT 2015  Total:  0 of 12

CS240: lab6. avempaty Thu Apr 9 00:27:43 EDT 2015  Total:  2 of 12

CS240: lab6. avempaty Thu Apr 9 00:29:15 EDT 2015  Total:  4 of 12

CS240: lab6. avempaty Thu Apr 9 00:33:01 EDT 2015  Total:  8 of 12

CS240: lab6. avempaty Thu Apr 9 00:33:30 EDT 2015  Total:  8 of 12

CS240: lab6. avempaty Thu Apr 9 00:36:46 EDT 2015  Total:  8 of 12

CS240: lab6. avempaty Thu Apr 9 14:26:07 EDT 2015  Total:  8 of 12

CS240: lab6. avempaty Fri Apr 10 19:57:41 EDT 2015  Total:  8 of 12

CS240: lab6. avempaty Fri Apr 10 20:15:50 EDT 2015  Total:  8 of 12

CS240: lab6. avempaty Sat Apr 11 16:00:13 EDT 2015  Total:  8 of 12

CS240: lab6. avempaty Sat Apr 11 16:43:15 EDT 2015  Total:  8 of 12

CS240: lab6. avempaty Sat Apr 11 20:40:10 EDT 2015  Total:  8 of 12

CS240: lab6. avempaty Sat Apr 11 20:42:11 EDT 2015  Total:  8 of 12

CS240: lab6. avempaty Sat Apr 11 21:04:52 EDT 2015  Total:  8 of 12

CS240: lab6. avempaty Sun Apr 19 21:47:54 EDT 2015  Total:  8 of 12

CS240: lab6. avempaty Sun Apr 19 21:49:46 EDT 2015  Total:  8 of 12

CS240: lab6. avempaty Sun Apr 19 22:00:08 EDT 2015  Total:  8 of 12

CS240: lab6. avempaty Sun Apr 19 22:03:57 EDT 2015  Total:  8 of 12

CS240: lab6. avempaty Sun Apr 19 22:11:58 EDT 2015  Total:  8 of 12

CS240: lab6. avempaty Sun Apr 19 22:16:07 EDT 2015  Total:  8 of 12

CS240: lab6. avempaty Sun Apr 19 22:18:51 EDT 2015  Total:  8 of 12

CS240: lab6. avempaty Sun Apr 19 22:23:15 EDT 2015  Total:  8 of 12

CS240: lab6. avempaty Sun Apr 19 22:23:44 EDT 2015  Total:  8 of 12

CS240: lab6. avempaty Sun Apr 19 22:26:16 EDT 2015  Total:  8 of 12

CS240: lab6. avempaty Sun Apr 19 22:26:31 EDT 2015  Total:  8 of 12

CS240: lab6. avempaty Sun Apr 19 22:57:58 EDT 2015  Total:  8 of 12

CS240: lab6. avempaty Sun Apr 19 23:03:36 EDT 2015  Total:  8 of 12

CS240: lab6. avempaty Sun Apr 19 23:14:06 EDT 2015  Total:  8 of 12

CS240: lab6. avempaty Sun Apr 19 23:16:27 EDT 2015  Total:  12 of 12

CS240: lab6. avempaty Sun Apr 19 23:51:58 EDT 2015  Total:  12 of 12

CS240: lab6. avempaty Wed Apr 22 21:35:12 EDT 2015  Total:  12 of 12

CS240: lab6. avempaty Thu Apr 23 14:48:07 EDT 2015  Total:  12 of 12

CS240: lab6. avempaty Mon Apr 27 21:47:01 EDT 2015  Total:  12 of 62

CS240: lab6. avempaty Mon Apr 27 22:30:33 EDT 2015  Total:  17 of 62

CS240: lab6. avempaty Mon Apr 27 22:39:57 EDT 2015  Total:  12 of 17

CS240: lab6. avempaty Mon Apr 27 22:44:44 EDT 2015  Total:  12 of 17

CS240: lab6. avempaty Mon Apr 27 22:46:18 EDT 2015  Total:  12 of 17

CS240: lab6. avempaty Mon Apr 27 22:49:33 EDT 2015  Total:  12 of 17

CS240: lab6. avempaty Mon Apr 27 22:50:33 EDT 2015  Total:  17 of 17

CS240: lab6. avempaty Mon Apr 27 22:51:19 EDT 2015  Total:  17 of 22

CS240: lab6. avempaty Mon Apr 27 23:49:06 EDT 2015  Total:  32 of 37

CS240: lab6. avempaty Wed Apr 29 03:28:33 EDT 2015  Total:  12 of 22

CS240: lab6. avempaty Wed Apr 29 03:30:51 EDT 2015  Total:  12 of 22

CS240: lab6. avempaty Wed Apr 29 03:34:38 EDT 2015  Total:  12 of 22

CS240: lab6. avempaty Wed Apr 29 03:40:12 EDT 2015  Total:  12 of 22

CS240: lab6. avempaty Wed Apr 29 03:42:26 EDT 2015  Total:  12 of 22

CS240: lab6. avempaty Wed Apr 29 03:45:19 EDT 2015  Total:  12 of 22

CS240: lab6. avempaty Wed Apr 29 03:47:51 EDT 2015  Total:  12 of 22

CS240: lab6. avempaty Wed Apr 29 03:48:38 EDT 2015  Total:  17 of 22

CS240: lab6. avempaty Wed Apr 29 03:50:13 EDT 2015  Total:  37 of 62

CS240: lab6. avempaty Wed Apr 29 03:58:08 EDT 2015  Total:  42 of 62

CS240: lab6. avempaty Wed Apr 29 04:09:47 EDT 2015  Total:  12 of 62

CS240: lab6. avempaty Wed Apr 29 04:11:50 EDT 2015  Total:  42 of 62

CS240: lab6. avempaty Wed Apr 29 04:24:41 EDT 2015  Total:  12 of 32

CS240: lab6. avempaty Wed Apr 29 04:27:06 EDT 2015  Total:  17 of 32

CS240: lab6. avempaty Wed Apr 29 04:45:18 EDT 2015  Total:  17 of 32

CS240: lab6. avempaty Wed Apr 29 05:03:48 EDT 2015  Total:  17 of 32

CS240: lab6. avempaty Wed Apr 29 05:13:40 EDT 2015  Total:  17 of 32

CS240: lab6. avempaty Wed Apr 29 05:14:42 EDT 2015  Total:  17 of 32

CS240: lab6. avempaty Wed Apr 29 05:19:14 EDT 2015  Total:  17 of 32

CS240: lab6. avempaty Wed Apr 29 05:20:32 EDT 2015  Total:  22 of 32

CS240: lab6. avempaty Wed Apr 29 05:23:18 EDT 2015  Total:  17 of 32

CS240: lab6. avempaty Wed Apr 29 05:24:03 EDT 2015  Total:  12 of 32

CS240: lab6. avempaty Wed Apr 29 05:25:36 EDT 2015  Total:  17 of 32

CS240: lab6. avempaty Wed Apr 29 05:26:32 EDT 2015  Total:  22 of 32

CS240: lab6. avempaty Wed Apr 29 05:30:16 EDT 2015  Total:  32 of 32

CS240: lab6. avempaty Wed Apr 29 05:32:01 EDT 2015  Total:  62 of 62

CS240: lab6. avempaty Wed Apr 29 05:34:48 EDT 2015  Total:  47 of 62

CS240: lab6. avempaty Wed Apr 29 06:07:17 EDT 2015  Total:  47 of 62

CS240: lab6. avempaty Wed Apr 29 06:22:48 EDT 2015  Total:  12 of 62

CS240: lab6. avempaty Wed Apr 29 06:29:53 EDT 2015  Total:  12 of 62

CS240: lab6. avempaty Wed Apr 29 06:36:28 EDT 2015  Total:  47 of 62

CS240: lab6. avempaty Wed Apr 29 07:41:15 EDT 2015  Total:  37 of 62

CS240: lab6. avempaty Wed Apr 29 07:42:57 EDT 2015  Total:  37 of 62

CS240: lab6. avempaty Wed Apr 29 07:45:13 EDT 2015  Total:  42 of 62

CS240: lab6. avempaty Wed Apr 29 07:57:23 EDT 2015  Total:  17 of 17

CS240: lab6. avempaty Wed Apr 29 07:58:29 EDT 2015  Total:  27 of 27

CS240: lab6. avempaty Wed Apr 29 07:59:53 EDT 2015  Total:  52 of 62

CS240: lab6. avempaty Wed Apr 29 14:32:00 EDT 2015  Total:  52 of 62

CS240: lab6. avempaty Wed Apr 29 14:41:37 EDT 2015  Total:  52 of 62

CS240: lab6. avempaty Wed Apr 29 14:44:48 EDT 2015  Total:  12 of 22

CS240: lab6. avempaty Wed Apr 29 14:48:08 EDT 2015  Total:  12 of 22

CS240: lab6. avempaty Wed Apr 29 14:52:11 EDT 2015  Total:  17 of 62

CS240: lab6. avempaty Wed Apr 29 14:53:30 EDT 2015  Total:  17 of 62

CS240: lab6. avempaty Wed Apr 29 14:54:39 EDT 2015  Total:  52 of 62

CS240: lab6. avempaty Wed Apr 29 15:02:04 EDT 2015  Total:  52 of 62

CS240: lab6. avempaty Wed Apr 29 15:06:17 EDT 2015  Total:  17 of 62

CS240: lab6. avempaty Wed Apr 29 15:10:43 EDT 2015  Total:  52 of 62

CS240: lab6. avempaty Wed Apr 29 15:18:31 EDT 2015  Total:  17 of 62

CS240: lab6. avempaty Wed Apr 29 15:20:08 EDT 2015  Total:  17 of 62

CS240: lab6. avempaty Wed Apr 29 15:25:21 EDT 2015  Total:  52 of 62

CS240: lab6. avempaty Wed Apr 29 15:48:47 EDT 2015  Total:  17 of 62

CS240: lab6. avempaty Wed Apr 29 19:48:09 EDT 2015  Total:  17 of 62

CS240: lab6. avempaty Wed Apr 29 19:53:29 EDT 2015  Total:  17 of 62

CS240: lab6. avempaty Wed Apr 29 19:54:53 EDT 2015  Total:  17 of 62

CS240: lab6. avempaty Wed Apr 29 19:57:21 EDT 2015  Total:  47 of 62

CS240: lab6. avempaty Wed Apr 29 20:05:02 EDT 2015  Total:  52 of 62

CS240: lab6. avempaty Wed Apr 29 20:08:16 EDT 2015  Total:  57 of 62

CS240: lab6. avempaty Wed Apr 29 20:15:07 EDT 2015  Total:  12 of 17

CS240: lab6. avempaty Wed Apr 29 20:32:15 EDT 2015  Total:  12 of 17

CS240: lab6. avempaty Wed Apr 29 20:41:19 EDT 2015  Total:  12 of 17

CS240: lab6. avempaty Wed Apr 29 20:47:20 EDT 2015  Total:  12 of 17

CS240: lab6. avempaty Wed Apr 29 21:41:31 EDT 2015  Total:  12 of 17

CS240: lab6. avempaty Wed Apr 29 21:45:03 EDT 2015  Total:  12 of 17

CS240: lab6. avempaty Wed Apr 29 21:47:17 EDT 2015  Total:  12 of 17

CS240: lab6. avempaty Wed Apr 29 21:48:57 EDT 2015  Total:  12 of 17

CS240: lab6. avempaty Wed Apr 29 21:49:47 EDT 2015  Total:  12 of 17

CS240: lab6. avempaty Wed Apr 29 21:58:34 EDT 2015  Total:  52 of 57

CS240: lab6. avempaty Wed Apr 29 22:00:04 EDT 2015  Total:  57 of 62

CS240: lab6. avempaty Thu Apr 30 09:20:43 EDT 2015  Total:  57 of 62

CS240: lab6. avempaty Thu Apr 30 09:34:41 EDT 2015  Total:  57 of 62

CS240: lab6. avempaty Thu Apr 30 10:10:15 EDT 2015  Total:  57 of 62

